1598924948747	geckodriver	INFO	Listening on 127.0.0.1:61706
1598925032982	geckodriver	INFO	Listening on 127.0.0.1:61996
1598925123099	geckodriver	INFO	Listening on 127.0.0.1:62398
1598934443558	geckodriver	INFO	Listening on 127.0.0.1:53021
1598934444557	mozrunner::runner	INFO	Running command: "/Applications/Firefox.app/Contents/MacOS/firefox-bin" "--marionette" "-foreground" "-no-remote" "-profile" "/var/folders/hg/yyg7_jy17kxbdn3zb496vgj80000gn/T/rust_mozprofileubxWFZ"
console.error: SearchCache: "_readCacheFile: Error reading cache file:" (new Error("", "(unknown module)"))
1598934448265	Marionette	INFO	Listening on port 53034
1598934448299	Marionette	WARN	TLS certificate errors will be ignored for this session
JavaScript warning: https://jwoodmansee.printercloud.com/assets/scripts/common-fa04a6c7dc.js, line 3686: unreachable code after return statement
JavaScript warning: https://jwoodmansee.printercloud.com/assets/scripts/common-fa04a6c7dc.js, line 12223: unreachable code after return statement
JavaScript warning: https://jwoodmansee.printercloud.com/assets/scripts/admin-770883893a.js, line 20312: Using //@ to indicate sourceMappingURL pragmas is deprecated. Use //# instead
JavaScript warning: https://jwoodmansee.printercloud.com/assets/scripts/common-fa04a6c7dc.js, line 3686: unreachable code after return statement
JavaScript warning: https://jwoodmansee.printercloud.com/assets/scripts/common-fa04a6c7dc.js, line 12223: unreachable code after return statement
JavaScript warning: https://jwoodmansee.printercloud.com/assets/scripts/admin-770883893a.js, line 20312: Using //@ to indicate sourceMappingURL pragmas is deprecated. Use //# instead
1598934529230	geckodriver	INFO	Listening on 127.0.0.1:53169
1598934530233	mozrunner::runner	INFO	Running command: "/Applications/Firefox.app/Contents/MacOS/firefox-bin" "--marionette" "-foreground" "-no-remote" "-profile" "/var/folders/hg/yyg7_jy17kxbdn3zb496vgj80000gn/T/rust_mozprofileluS8iV"
console.error: SearchCache: "_readCacheFile: Error reading cache file:" (new Error("", "(unknown module)"))
1598934533152	Marionette	INFO	Listening on port 53183
1598934533257	Marionette	WARN	TLS certificate errors will be ignored for this session
JavaScript warning: https://jwoodmansee.printercloud.com/assets/scripts/common-fa04a6c7dc.js, line 3686: unreachable code after return statement
JavaScript warning: https://jwoodmansee.printercloud.com/assets/scripts/common-fa04a6c7dc.js, line 12223: unreachable code after return statement
JavaScript warning: https://jwoodmansee.printercloud.com/assets/scripts/admin-770883893a.js, line 20312: Using //@ to indicate sourceMappingURL pragmas is deprecated. Use //# instead
1598934582264	Marionette	INFO	Stopped listening on port 53183
1598934598218	Marionette	INFO	Stopped listening on port 53034
1598975370117	geckodriver	INFO	Listening on 127.0.0.1:53771
1598975371176	mozrunner::runner	INFO	Running command: "/Applications/Firefox.app/Contents/MacOS/firefox-bin" "--marionette" "-foreground" "-no-remote" "-profile" "/var/folders/hg/yyg7_jy17kxbdn3zb496vgj80000gn/T/rust_mozprofileai1FVI"
console.error: SearchCache: "_readCacheFile: Error reading cache file:" (new Error("", "(unknown module)"))
1598975375279	Marionette	INFO	Listening on port 53783
1598975375353	Marionette	WARN	TLS certificate errors will be ignored for this session
console.error: Region.jsm: "Error fetching region" (new AbortError("The operation was aborted. ", (void 0), 689))
console.error: Region.jsm: "Failed to fetch region" (new Error("NO_RESULT", "resource://gre/modules/Region.jsm", 343))
JavaScript warning: https://jwoodmansee.printercloud.com/assets/scripts/common-fa04a6c7dc.js, line 3686: unreachable code after return statement
JavaScript warning: https://jwoodmansee.printercloud.com/assets/scripts/common-fa04a6c7dc.js, line 12223: unreachable code after return statement
JavaScript warning: https://jwoodmansee.printercloud.com/assets/scripts/admin-770883893a.js, line 20312: Using //@ to indicate sourceMappingURL pragmas is deprecated. Use //# instead
1598975430163	Marionette	INFO	Stopped listening on port 53783
1598975445731	geckodriver	INFO	Listening on 127.0.0.1:53895
1598975446727	mozrunner::runner	INFO	Running command: "/Applications/Firefox.app/Contents/MacOS/firefox-bin" "--marionette" "-foreground" "-no-remote" "-profile" "/var/folders/hg/yyg7_jy17kxbdn3zb496vgj80000gn/T/rust_mozprofileSrPBm3"
console.error: SearchCache: "_readCacheFile: Error reading cache file:" (new Error("", "(unknown module)"))
1598975450204	Marionette	INFO	Listening on port 53909
1598975450285	Marionette	WARN	TLS certificate errors will be ignored for this session
JavaScript warning: https://jwoodmansee.printercloud.com/assets/scripts/common-fa04a6c7dc.js, line 3686: unreachable code after return statement
JavaScript warning: https://jwoodmansee.printercloud.com/assets/scripts/common-fa04a6c7dc.js, line 12223: unreachable code after return statement
JavaScript warning: https://jwoodmansee.printercloud.com/assets/scripts/admin-770883893a.js, line 20312: Using //@ to indicate sourceMappingURL pragmas is deprecated. Use //# instead
console.error: Region.jsm: "Error fetching region" (new AbortError("The operation was aborted. ", (void 0), 689))
console.error: Region.jsm: "Failed to fetch region" (new Error("NO_RESULT", "resource://gre/modules/Region.jsm", 343))
1598975466030	Marionette	INFO	Stopped listening on port 53909

###!!! [Child][RunMessage] Error: Channel closing: too late to send/recv, messages will be lost

1598975501196	geckodriver	INFO	Listening on 127.0.0.1:54017
1598975502198	mozrunner::runner	INFO	Running command: "/Applications/Firefox.app/Contents/MacOS/firefox-bin" "--marionette" "-foreground" "-no-remote" "-profile" "/var/folders/hg/yyg7_jy17kxbdn3zb496vgj80000gn/T/rust_mozprofilek5Tcbp"
console.error: SearchCache: "_readCacheFile: Error reading cache file:" (new Error("", "(unknown module)"))
1598975506126	Marionette	INFO	Listening on port 54031
1598975506202	Marionette	WARN	TLS certificate errors will be ignored for this session
JavaScript warning: https://jwoodmansee.printercloud.com/assets/scripts/common-fa04a6c7dc.js, line 3686: unreachable code after return statement
JavaScript warning: https://jwoodmansee.printercloud.com/assets/scripts/common-fa04a6c7dc.js, line 12223: unreachable code after return statement
JavaScript warning: https://jwoodmansee.printercloud.com/assets/scripts/admin-770883893a.js, line 20312: Using //@ to indicate sourceMappingURL pragmas is deprecated. Use //# instead
JavaScript warning: https://jwoodmansee.printercloud.com/assets/scripts/common-fa04a6c7dc.js, line 3686: unreachable code after return statement
JavaScript warning: https://jwoodmansee.printercloud.com/assets/scripts/common-fa04a6c7dc.js, line 12223: unreachable code after return statement
JavaScript warning: https://jwoodmansee.printercloud.com/assets/scripts/admin-770883893a.js, line 20312: Using //@ to indicate sourceMappingURL pragmas is deprecated. Use //# instead
1598975577117	Marionette	INFO	Stopped listening on port 54031
1598976213593	geckodriver	INFO	Listening on 127.0.0.1:54195
1598976214610	mozrunner::runner	INFO	Running command: "/Applications/Firefox.app/Contents/MacOS/firefox-bin" "--marionette" "-foreground" "-no-remote" "-profile" "/var/folders/hg/yyg7_jy17kxbdn3zb496vgj80000gn/T/rust_mozprofilevnGnZ4"
console.error: SearchCache: "_readCacheFile: Error reading cache file:" (new Error("", "(unknown module)"))
1598976218300	Marionette	INFO	Listening on port 54206
1598976218396	Marionette	WARN	TLS certificate errors will be ignored for this session
console.error: Region.jsm: "Error fetching region" (new AbortError("The operation was aborted. ", (void 0), 689))
console.error: Region.jsm: "Failed to fetch region" (new Error("NO_RESULT", "resource://gre/modules/Region.jsm", 343))
JavaScript warning: https://jwoodmansee.printercloud.com/assets/scripts/common-fa04a6c7dc.js, line 3686: unreachable code after return statement
JavaScript warning: https://jwoodmansee.printercloud.com/assets/scripts/common-fa04a6c7dc.js, line 12223: unreachable code after return statement
JavaScript warning: https://jwoodmansee.printercloud.com/assets/scripts/admin-770883893a.js, line 20312: Using //@ to indicate sourceMappingURL pragmas is deprecated. Use //# instead
1598976245378	Marionette	INFO	Stopped listening on port 54206
1598977061634	geckodriver	INFO	Listening on 127.0.0.1:54408
1598977062643	mozrunner::runner	INFO	Running command: "/Applications/Firefox.app/Contents/MacOS/firefox-bin" "--marionette" "-foreground" "-no-remote" "-profile" "/var/folders/hg/yyg7_jy17kxbdn3zb496vgj80000gn/T/rust_mozprofileLjp7FZ"
console.error: SearchCache: "_readCacheFile: Error reading cache file:" (new Error("", "(unknown module)"))
1598977066105	Marionette	INFO	Listening on port 54422
1598977066254	Marionette	WARN	TLS certificate errors will be ignored for this session
1598977107798	Marionette	INFO	Stopped listening on port 54422
1598977124326	geckodriver	INFO	Listening on 127.0.0.1:54521
1598977125335	mozrunner::runner	INFO	Running command: "/Applications/Firefox.app/Contents/MacOS/firefox-bin" "--marionette" "-foreground" "-no-remote" "-profile" "/var/folders/hg/yyg7_jy17kxbdn3zb496vgj80000gn/T/rust_mozprofilen09M1O"
console.error: SearchCache: "_readCacheFile: Error reading cache file:" (new Error("", "(unknown module)"))
1598977129062	Marionette	INFO	Listening on port 54535
1598977129170	Marionette	WARN	TLS certificate errors will be ignored for this session
1598977408212	geckodriver	INFO	Listening on 127.0.0.1:54649
1598977409216	mozrunner::runner	INFO	Running command: "/Applications/Firefox.app/Contents/MacOS/firefox-bin" "--marionette" "-foreground" "-no-remote" "-profile" "/var/folders/hg/yyg7_jy17kxbdn3zb496vgj80000gn/T/rust_mozprofile2u5QQS"
console.error: SearchCache: "_readCacheFile: Error reading cache file:" (new Error("", "(unknown module)"))
1598977412212	Marionette	INFO	Listening on port 54663
1598977412287	Marionette	WARN	TLS certificate errors will be ignored for this session
1598977439499	geckodriver	INFO	Listening on 127.0.0.1:54752
1598977440512	mozrunner::runner	INFO	Running command: "/Applications/Firefox.app/Contents/MacOS/firefox-bin" "--marionette" "-foreground" "-no-remote" "-profile" "/var/folders/hg/yyg7_jy17kxbdn3zb496vgj80000gn/T/rust_mozprofileUBINIj"
console.error: SearchCache: "_readCacheFile: Error reading cache file:" (new Error("", "(unknown module)"))
1598977444194	Marionette	INFO	Listening on port 54766
1598977444238	Marionette	WARN	TLS certificate errors will be ignored for this session
1598977517704	geckodriver	INFO	Listening on 127.0.0.1:54869
1598977518702	mozrunner::runner	INFO	Running command: "/Applications/Firefox.app/Contents/MacOS/firefox-bin" "--marionette" "-foreground" "-no-remote" "-profile" "/var/folders/hg/yyg7_jy17kxbdn3zb496vgj80000gn/T/rust_mozprofilerXoIlr"
console.error: SearchCache: "_readCacheFile: Error reading cache file:" (new Error("", "(unknown module)"))
1598977521919	Marionette	INFO	Listening on port 54883
1598977522017	Marionette	WARN	TLS certificate errors will be ignored for this session
1598977557216	geckodriver	INFO	Listening on 127.0.0.1:54980
1598977558219	mozrunner::runner	INFO	Running command: "/Applications/Firefox.app/Contents/MacOS/firefox-bin" "--marionette" "-foreground" "-no-remote" "-profile" "/var/folders/hg/yyg7_jy17kxbdn3zb496vgj80000gn/T/rust_mozprofileObfJLP"
console.error: SearchCache: "_readCacheFile: Error reading cache file:" (new Error("", "(unknown module)"))
1598977561202	Marionette	INFO	Listening on port 54994
1598977561258	Marionette	WARN	TLS certificate errors will be ignored for this session
JavaScript warning: https://jwoodmansee.printercloud.com/assets/scripts/common-fa04a6c7dc.js, line 3686: unreachable code after return statement
JavaScript warning: https://jwoodmansee.printercloud.com/assets/scripts/common-fa04a6c7dc.js, line 12223: unreachable code after return statement
JavaScript warning: https://jwoodmansee.printercloud.com/assets/scripts/admin-770883893a.js, line 20312: Using //@ to indicate sourceMappingURL pragmas is deprecated. Use //# instead
1598977626571	Marionette	INFO	Stopped listening on port 54535
1598977627771	Marionette	INFO	Stopped listening on port 54663
1598977629065	Marionette	INFO	Stopped listening on port 54766
1598977630930	Marionette	INFO	Stopped listening on port 54994
1598977662878	geckodriver	INFO	Listening on 127.0.0.1:55112
1598977663898	mozrunner::runner	INFO	Running command: "/Applications/Firefox.app/Contents/MacOS/firefox-bin" "--marionette" "-foreground" "-no-remote" "-profile" "/var/folders/hg/yyg7_jy17kxbdn3zb496vgj80000gn/T/rust_mozprofileof5Hj6"
1598977675337	geckodriver	INFO	Listening on 127.0.0.1:55170
1598977676349	mozrunner::runner	INFO	Running command: "/Applications/Firefox.app/Contents/MacOS/firefox-bin" "--marionette" "-foreground" "-no-remote" "-profile" "/var/folders/hg/yyg7_jy17kxbdn3zb496vgj80000gn/T/rust_mozprofiler2wtfs"
console.error: SearchCache: "_readCacheFile: Error reading cache file:" (new Error("", "(unknown module)"))
1598977679421	Marionette	INFO	Listening on port 55183
1598977679479	Marionette	WARN	TLS certificate errors will be ignored for this session
JavaScript warning: https://jwoodmansee.printercloud.com/assets/scripts/common-fa04a6c7dc.js, line 3686: unreachable code after return statement
JavaScript warning: https://jwoodmansee.printercloud.com/assets/scripts/common-fa04a6c7dc.js, line 12223: unreachable code after return statement
JavaScript warning: https://jwoodmansee.printercloud.com/assets/scripts/admin-770883893a.js, line 20312: Using //@ to indicate sourceMappingURL pragmas is deprecated. Use //# instead
1598977758528	Marionette	INFO	Stopped listening on port 55183
1598982313283	geckodriver	INFO	Listening on 127.0.0.1:55516
1598982314289	mozrunner::runner	INFO	Running command: "/Applications/Firefox.app/Contents/MacOS/firefox-bin" "--marionette" "-foreground" "-no-remote" "-profile" "/var/folders/hg/yyg7_jy17kxbdn3zb496vgj80000gn/T/rust_mozprofileOxr7Qi"
console.error: SearchCache: "_readCacheFile: Error reading cache file:" (new Error("", "(unknown module)"))
1598982317675	Marionette	INFO	Listening on port 55527
1598982317713	Marionette	WARN	TLS certificate errors will be ignored for this session
JavaScript warning: https://jwoodmansee.printercloud.com/assets/scripts/common-fa04a6c7dc.js, line 3686: unreachable code after return statement
JavaScript warning: https://jwoodmansee.printercloud.com/assets/scripts/common-fa04a6c7dc.js, line 12223: unreachable code after return statement
JavaScript warning: https://jwoodmansee.printercloud.com/assets/scripts/admin-770883893a.js, line 20312: Using //@ to indicate sourceMappingURL pragmas is deprecated. Use //# instead
1598982331566	Marionette	INFO	Stopped listening on port 55527
1598982411180	geckodriver	INFO	Listening on 127.0.0.1:55648
1598982412189	mozrunner::runner	INFO	Running command: "/Applications/Firefox.app/Contents/MacOS/firefox-bin" "--marionette" "-foreground" "-no-remote" "-profile" "/var/folders/hg/yyg7_jy17kxbdn3zb496vgj80000gn/T/rust_mozprofilezbGk82"
console.error: SearchCache: "_readCacheFile: Error reading cache file:" (new Error("", "(unknown module)"))
1598982415129	Marionette	INFO	Listening on port 55659
1598982415206	Marionette	WARN	TLS certificate errors will be ignored for this session
JavaScript warning: https://jwoodmansee.printercloud.com/assets/scripts/common-fa04a6c7dc.js, line 3686: unreachable code after return statement
JavaScript warning: https://jwoodmansee.printercloud.com/assets/scripts/common-fa04a6c7dc.js, line 12223: unreachable code after return statement
JavaScript warning: https://jwoodmansee.printercloud.com/assets/scripts/admin-770883893a.js, line 20312: Using //@ to indicate sourceMappingURL pragmas is deprecated. Use //# instead
1598982451475	Marionette	INFO	Stopped listening on port 55659
1598988710449	geckodriver	INFO	Listening on 127.0.0.1:56157
1598988711451	mozrunner::runner	INFO	Running command: "/Applications/Firefox.app/Contents/MacOS/firefox-bin" "--marionette" "-foreground" "-no-remote" "-profile" "/var/folders/hg/yyg7_jy17kxbdn3zb496vgj80000gn/T/rust_mozprofilepRzRTf"
console.error: SearchCache: "_readCacheFile: Error reading cache file:" (new Error("", "(unknown module)"))
1598988715238	Marionette	INFO	Listening on port 56168
1598988715336	Marionette	WARN	TLS certificate errors will be ignored for this session
JavaScript warning: https://jwoodmansee.printercloud.com/assets/scripts/common-fa04a6c7dc.js, line 3686: unreachable code after return statement
JavaScript warning: https://jwoodmansee.printercloud.com/assets/scripts/common-fa04a6c7dc.js, line 12223: unreachable code after return statement
JavaScript warning: https://jwoodmansee.printercloud.com/assets/scripts/admin-770883893a.js, line 20312: Using //@ to indicate sourceMappingURL pragmas is deprecated. Use //# instead
1598988751604	Marionette	INFO	Stopped listening on port 56168
1598989013636	geckodriver	INFO	Listening on 127.0.0.1:56341
1598989014638	mozrunner::runner	INFO	Running command: "/Applications/Firefox.app/Contents/MacOS/firefox-bin" "--marionette" "-foreground" "-no-remote" "-profile" "/var/folders/hg/yyg7_jy17kxbdn3zb496vgj80000gn/T/rust_mozprofileL6TPcP"
console.error: SearchCache: "_readCacheFile: Error reading cache file:" (new Error("", "(unknown module)"))
1598989018637	Marionette	INFO	Listening on port 56352
1598989018681	Marionette	WARN	TLS certificate errors will be ignored for this session
JavaScript warning: https://jwoodmansee.printercloud.com/assets/scripts/common-fa04a6c7dc.js, line 3686: unreachable code after return statement
JavaScript warning: https://jwoodmansee.printercloud.com/assets/scripts/common-fa04a6c7dc.js, line 12223: unreachable code after return statement
JavaScript warning: https://jwoodmansee.printercloud.com/assets/scripts/admin-770883893a.js, line 20312: Using //@ to indicate sourceMappingURL pragmas is deprecated. Use //# instead
1598989043025	Marionette	INFO	Stopped listening on port 56352

###!!! [Child][RunMessage] Error: Channel closing: too late to send/recv, messages will be lost

1598990739605	geckodriver	INFO	Listening on 127.0.0.1:60687
1598990740608	mozrunner::runner	INFO	Running command: "/Applications/Firefox.app/Contents/MacOS/firefox-bin" "--marionette" "-foreground" "-no-remote" "-profile" "/var/folders/hg/yyg7_jy17kxbdn3zb496vgj80000gn/T/rust_mozprofilecb1vmr"
console.error: SearchCache: "_readCacheFile: Error reading cache file:" (new Error("", "(unknown module)"))
1598990744567	Marionette	INFO	Listening on port 60702
1598990744677	Marionette	WARN	TLS certificate errors will be ignored for this session
JavaScript warning: https://jwoodmansee.printercloud.com/assets/scripts/common-fa04a6c7dc.js, line 3686: unreachable code after return statement
JavaScript warning: https://jwoodmansee.printercloud.com/assets/scripts/common-fa04a6c7dc.js, line 12223: unreachable code after return statement
JavaScript warning: https://jwoodmansee.printercloud.com/assets/scripts/admin-770883893a.js, line 20312: Using //@ to indicate sourceMappingURL pragmas is deprecated. Use //# instead
JavaScript warning: https://jwoodmansee.printercloud.com/assets/scripts/jquery-72dc0c1191.js, line 3686: unreachable code after return statement
1598990950523	Marionette	INFO	Stopped listening on port 60702
